2021-10-11 09:13:42.110  INFO 21660 --- [restartedMain] r.s.huawei.LogSaver.LogSaverApplication  : Starting LogSaverApplication on NS-N10301-09 with PID 21660 (started by SMednykh in D:\Programming\Java\work projects\LogSaver)
2021-10-11 09:13:42.118  INFO 21660 --- [restartedMain] r.s.huawei.LogSaver.LogSaverApplication  : No active profile set, falling back to default profiles: default
2021-10-11 09:13:42.160  INFO 21660 --- [restartedMain] .e.DevToolsPropertyDefaultsPostProcessor : Devtools property defaults active! Set 'spring.devtools.add-properties' to 'false' to disable
2021-10-11 09:13:42.160  INFO 21660 --- [restartedMain] .e.DevToolsPropertyDefaultsPostProcessor : For additional web related logging consider setting the 'logging.level.web' property to 'DEBUG'
2021-10-11 09:13:43.019  INFO 21660 --- [restartedMain] .s.d.r.c.RepositoryConfigurationDelegate : Bootstrapping Spring Data repositories in DEFAULT mode.
2021-10-11 09:13:43.123  INFO 21660 --- [restartedMain] .s.d.r.c.RepositoryConfigurationDelegate : Finished Spring Data repository scanning in 95ms. Found 10 repository interfaces.
2021-10-11 09:13:43.521  INFO 21660 --- [restartedMain] trationDelegate$BeanPostProcessorChecker : Bean 'org.springframework.transaction.annotation.ProxyTransactionManagementConfiguration' of type [org.springframework.transaction.annotation.ProxyTransactionManagementConfiguration$$EnhancerBySpringCGLIB$$1ae987c3] is not eligible for getting processed by all BeanPostProcessors (for example: not eligible for auto-proxying)
2021-10-11 09:13:44.254  INFO 21660 --- [restartedMain] o.s.b.w.embedded.tomcat.TomcatWebServer  : Tomcat initialized with port(s): 8080 (http)
2021-10-11 09:13:44.278  INFO 21660 --- [restartedMain] o.apache.catalina.core.StandardService   : Starting service [Tomcat]
2021-10-11 09:13:44.279  INFO 21660 --- [restartedMain] org.apache.catalina.core.StandardEngine  : Starting Servlet engine: [Apache Tomcat/9.0.21]
2021-10-11 09:13:44.415  INFO 21660 --- [restartedMain] o.a.c.c.C.[Tomcat].[localhost].[/]       : Initializing Spring embedded WebApplicationContext
2021-10-11 09:13:44.415  INFO 21660 --- [restartedMain] o.s.web.context.ContextLoader            : Root WebApplicationContext: initialization completed in 2252 ms
2021-10-11 09:13:44.611  INFO 21660 --- [restartedMain] com.zaxxer.hikari.HikariDataSource       : h2 - Starting...
2021-10-11 09:13:46.843  INFO 21660 --- [restartedMain] com.zaxxer.hikari.HikariDataSource       : h2 - Start completed.
2021-10-11 09:13:46.901  INFO 21660 --- [restartedMain] o.hibernate.jpa.internal.util.LogHelper  : HHH000204: Processing PersistenceUnitInfo [
	name: default
	...]
2021-10-11 09:13:46.980  INFO 21660 --- [restartedMain] org.hibernate.Version                    : HHH000412: Hibernate Core {5.3.10.Final}
2021-10-11 09:13:46.981  INFO 21660 --- [restartedMain] org.hibernate.cfg.Environment            : HHH000206: hibernate.properties not found
2021-10-11 09:13:47.164  INFO 21660 --- [restartedMain] o.hibernate.annotations.common.Version   : HCANN000001: Hibernate Commons Annotations {5.0.4.Final}
2021-10-11 09:13:47.387  INFO 21660 --- [restartedMain] org.hibernate.dialect.Dialect            : HHH000400: Using dialect: org.hibernate.dialect.H2Dialect
2021-10-11 09:13:48.233  INFO 21660 --- [restartedMain] j.LocalContainerEntityManagerFactoryBean : Initialized JPA EntityManagerFactory for persistence unit 'default'
2021-10-11 09:13:48.248  INFO 21660 --- [restartedMain] o.s.b.d.a.OptionalLiveReloadServer       : LiveReload server is running on port 35729
2021-10-11 09:13:48.768  INFO 21660 --- [restartedMain] r.s.h.LogSaver.external.ListOfServers    : 	Read 18 servers from the serversList
2021-10-11 09:13:48.820  INFO 21660 --- [restartedMain] r.s.h.LogSaver.external.ListOfServers    : 	Read 18 servers from the serversList
2021-10-11 09:13:48.830  INFO 21660 --- [restartedMain] r.s.h.LogSaver.managment.ReaderXXFiles   : 	Finished reading data from the file,\services\inf.ini The numbers of lines read from the file: 6
2021-10-11 09:13:48.830  INFO 21660 --- [restartedMain] r.s.h.LogSaver.managment.InfTemplates    : 			LONGDAYBYSECONDS	86400000
2021-10-11 09:13:48.830  INFO 21660 --- [restartedMain] r.s.h.LogSaver.managment.InfTemplates    : 			hour	1
2021-10-11 09:13:48.830  INFO 21660 --- [restartedMain] r.s.h.LogSaver.managment.InfTemplates    : 			minutes	0
2021-10-11 09:13:48.830  INFO 21660 --- [restartedMain] r.s.h.LogSaver.managment.InfTemplates    : 			PlusDays	1
2021-10-11 09:13:48.840  INFO 21660 --- [restartedMain] r.s.h.LogSaver.managment.ReaderXXFiles   : 	Finished reading data from the file,XMLServerList.txt The numbers of lines read from the file: 25
2021-10-11 09:13:48.841  INFO 21660 --- [restartedMain] r.s.h.L.managment.LoadersDataForXML      : load 25 strings
2021-10-11 09:13:48.842  INFO 21660 --- [restartedMain] r.s.h.L.managment.LoadersDataForXML      : Loaded [25] names commutators from: XMLServerList.txt
2021-10-11 09:13:49.668  INFO 21660 --- [restartedMain] o.h.h.i.QueryTranslatorFactoryInitiator  : HHH000397: Using ASTQueryTranslatorFactory
2021-10-11 09:13:49.947  INFO 21660 --- [restartedMain] o.s.s.concurrent.ThreadPoolTaskExecutor  : Initializing ExecutorService 'applicationTaskExecutor'
2021-10-11 09:13:50.025  WARN 21660 --- [restartedMain] aWebConfiguration$JpaWebMvcConfiguration : spring.jpa.open-in-view is enabled by default. Therefore, database queries may be performed during view rendering. Explicitly configure spring.jpa.open-in-view to disable this warning
2021-10-11 09:13:50.205  INFO 21660 --- [restartedMain] o.s.s.c.ThreadPoolTaskScheduler          : Initializing ExecutorService 'taskScheduler'
2021-10-11 09:13:50.336  INFO 21660 --- [restartedMain] o.s.b.w.embedded.tomcat.TomcatWebServer  : Tomcat started on port(s): 8080 (http) with context path ''
2021-10-11 09:13:50.340  INFO 21660 --- [restartedMain] r.s.huawei.LogSaver.LogSaverApplication  : Started LogSaverApplication in 8.568 seconds (JVM running for 9.057)
2021-10-11 09:13:50.345  INFO 21660 --- [restartedMain] r.s.h.LogSaver.external.ListOfServers    : 	Read 18 servers from the serversList
2021-10-11 09:13:50.849  INFO 21660 --- [http-nio-8080-exec-1] o.a.c.c.C.[Tomcat].[localhost].[/]       : Initializing Spring DispatcherServlet 'dispatcherServlet'
2021-10-11 09:13:50.849  INFO 21660 --- [http-nio-8080-exec-1] o.s.web.servlet.DispatcherServlet        : Initializing Servlet 'dispatcherServlet'
2021-10-11 09:13:50.859  INFO 21660 --- [http-nio-8080-exec-1] o.s.web.servlet.DispatcherServlet        : Completed initialization in 10 ms
2021-10-11 09:21:11.442  INFO 21660 --- [http-nio-8080-exec-2] r.s.h.LogSaver.manageXML.SAXMyParser     : Finished parse file /XMLTemporary/GExport_SoftX_Saratov_10.140.27.8_20211007031612.xml for creating TBL MGTID.
2021-10-11 09:21:23.326  INFO 21660 --- [http-nio-8080-exec-6] r.s.h.LogSaver.manageXML.SAXMyParser     : Finished parse file /XMLTemporary/GExport_SoftX3000_Penza_10.141.85.228_20211007031612.xml for creating TBL MGTID.
2021-10-11 09:21:33.605  INFO 21660 --- [http-nio-8080-exec-7] r.s.h.LogSaver.manageXML.SAXMyParser     : Finished parse file /XMLTemporary/GExport_SoftX3000_Orenburg_10.141.56.68_20211007031803.xml for creating TBL MGTID.
2021-10-11 11:46:12.198  INFO 21660 --- [Thread-9] o.s.s.c.ThreadPoolTaskScheduler          : Shutting down ExecutorService 'taskScheduler'
2021-10-11 11:46:12.208  INFO 21660 --- [Thread-9] o.s.s.concurrent.ThreadPoolTaskExecutor  : Shutting down ExecutorService 'applicationTaskExecutor'
2021-10-11 11:46:12.218  INFO 21660 --- [Thread-9] j.LocalContainerEntityManagerFactoryBean : Closing JPA EntityManagerFactory for persistence unit 'default'
2021-10-11 11:46:12.287  INFO 21660 --- [Thread-9] com.zaxxer.hikari.HikariDataSource       : h2 - Shutdown initiated...
2021-10-11 11:46:12.303  INFO 21660 --- [Thread-9] com.zaxxer.hikari.HikariDataSource       : h2 - Shutdown completed.
2021-10-11 13:22:07.944  INFO 18176 --- [restartedMain] r.s.huawei.LogSaver.LogSaverApplication  : Starting LogSaverApplication on NS-N10301-09 with PID 18176 (started by SMednykh in D:\Programming\Java\work projects\LogSaver)
2021-10-11 13:22:07.947  INFO 18176 --- [restartedMain] r.s.huawei.LogSaver.LogSaverApplication  : No active profile set, falling back to default profiles: default
2021-10-11 13:22:07.987  INFO 18176 --- [restartedMain] .e.DevToolsPropertyDefaultsPostProcessor : Devtools property defaults active! Set 'spring.devtools.add-properties' to 'false' to disable
2021-10-11 13:22:07.987  INFO 18176 --- [restartedMain] .e.DevToolsPropertyDefaultsPostProcessor : For additional web related logging consider setting the 'logging.level.web' property to 'DEBUG'
2021-10-11 13:22:08.743  INFO 18176 --- [restartedMain] .s.d.r.c.RepositoryConfigurationDelegate : Bootstrapping Spring Data repositories in DEFAULT mode.
2021-10-11 13:22:08.838  INFO 18176 --- [restartedMain] .s.d.r.c.RepositoryConfigurationDelegate : Finished Spring Data repository scanning in 87ms. Found 10 repository interfaces.
2021-10-11 13:22:09.210  INFO 18176 --- [restartedMain] trationDelegate$BeanPostProcessorChecker : Bean 'org.springframework.transaction.annotation.ProxyTransactionManagementConfiguration' of type [org.springframework.transaction.annotation.ProxyTransactionManagementConfiguration$$EnhancerBySpringCGLIB$$8d55895c] is not eligible for getting processed by all BeanPostProcessors (for example: not eligible for auto-proxying)
2021-10-11 13:22:09.904  INFO 18176 --- [restartedMain] o.s.b.w.embedded.tomcat.TomcatWebServer  : Tomcat initialized with port(s): 8080 (http)
2021-10-11 13:22:09.929  INFO 18176 --- [restartedMain] o.apache.catalina.core.StandardService   : Starting service [Tomcat]
2021-10-11 13:22:09.929  INFO 18176 --- [restartedMain] org.apache.catalina.core.StandardEngine  : Starting Servlet engine: [Apache Tomcat/9.0.21]
2021-10-11 13:22:10.063  INFO 18176 --- [restartedMain] o.a.c.c.C.[Tomcat].[localhost].[/]       : Initializing Spring embedded WebApplicationContext
2021-10-11 13:22:10.063  INFO 18176 --- [restartedMain] o.s.web.context.ContextLoader            : Root WebApplicationContext: initialization completed in 2076 ms
2021-10-11 13:22:10.243  INFO 18176 --- [restartedMain] com.zaxxer.hikari.HikariDataSource       : h2 - Starting...
2021-10-11 13:22:12.454  INFO 18176 --- [restartedMain] com.zaxxer.hikari.HikariDataSource       : h2 - Start completed.
2021-10-11 13:22:12.511  INFO 18176 --- [restartedMain] o.hibernate.jpa.internal.util.LogHelper  : HHH000204: Processing PersistenceUnitInfo [
	name: default
	...]
2021-10-11 13:22:12.591  INFO 18176 --- [restartedMain] org.hibernate.Version                    : HHH000412: Hibernate Core {5.3.10.Final}
2021-10-11 13:22:12.592  INFO 18176 --- [restartedMain] org.hibernate.cfg.Environment            : HHH000206: hibernate.properties not found
2021-10-11 13:22:12.767  INFO 18176 --- [restartedMain] o.hibernate.annotations.common.Version   : HCANN000001: Hibernate Commons Annotations {5.0.4.Final}
2021-10-11 13:22:12.970  INFO 18176 --- [restartedMain] org.hibernate.dialect.Dialect            : HHH000400: Using dialect: org.hibernate.dialect.H2Dialect
2021-10-11 13:22:13.753  INFO 18176 --- [restartedMain] j.LocalContainerEntityManagerFactoryBean : Initialized JPA EntityManagerFactory for persistence unit 'default'
2021-10-11 13:22:13.772  INFO 18176 --- [restartedMain] o.s.b.d.a.OptionalLiveReloadServer       : LiveReload server is running on port 35729
2021-10-11 13:22:14.076  INFO 18176 --- [restartedMain] r.s.h.LogSaver.external.ListOfServers    : 	Read 18 servers from the serversList
2021-10-11 13:22:14.179  INFO 18176 --- [restartedMain] r.s.h.LogSaver.external.ListOfServers    : 	Read 18 servers from the serversList
2021-10-11 13:22:14.184  INFO 18176 --- [restartedMain] r.s.h.LogSaver.managment.ReaderXXFiles   : 	Finished reading data from the file,\services\inf.ini The numbers of lines read from the file: 6
2021-10-11 13:22:14.184  INFO 18176 --- [restartedMain] r.s.h.LogSaver.managment.InfTemplates    : 			LONGDAYBYSECONDS	86400000
2021-10-11 13:22:14.184  INFO 18176 --- [restartedMain] r.s.h.LogSaver.managment.InfTemplates    : 			hour	1
2021-10-11 13:22:14.184  INFO 18176 --- [restartedMain] r.s.h.LogSaver.managment.InfTemplates    : 			minutes	0
2021-10-11 13:22:14.184  INFO 18176 --- [restartedMain] r.s.h.LogSaver.managment.InfTemplates    : 			PlusDays	1
2021-10-11 13:22:14.188  INFO 18176 --- [restartedMain] r.s.h.LogSaver.managment.ReaderXXFiles   : 	Finished reading data from the file,XMLServerList.txt The numbers of lines read from the file: 25
2021-10-11 13:22:14.188  INFO 18176 --- [restartedMain] r.s.h.L.managment.LoadersDataForXML      : load 25 strings
2021-10-11 13:22:14.189  INFO 18176 --- [restartedMain] r.s.h.L.managment.LoadersDataForXML      : Loaded [25] names commutators from: XMLServerList.txt
2021-10-11 13:22:14.419  INFO 18176 --- [restartedMain] o.h.h.i.QueryTranslatorFactoryInitiator  : HHH000397: Using ASTQueryTranslatorFactory
2021-10-11 13:22:14.602  INFO 18176 --- [restartedMain] o.s.s.concurrent.ThreadPoolTaskExecutor  : Initializing ExecutorService 'applicationTaskExecutor'
2021-10-11 13:22:14.654  WARN 18176 --- [restartedMain] aWebConfiguration$JpaWebMvcConfiguration : spring.jpa.open-in-view is enabled by default. Therefore, database queries may be performed during view rendering. Explicitly configure spring.jpa.open-in-view to disable this warning
2021-10-11 13:22:14.815  INFO 18176 --- [restartedMain] o.s.s.c.ThreadPoolTaskScheduler          : Initializing ExecutorService 'taskScheduler'
2021-10-11 13:22:14.915  INFO 18176 --- [restartedMain] o.s.b.w.embedded.tomcat.TomcatWebServer  : Tomcat started on port(s): 8080 (http) with context path ''
2021-10-11 13:22:14.917  INFO 18176 --- [restartedMain] r.s.huawei.LogSaver.LogSaverApplication  : Started LogSaverApplication in 7.323 seconds (JVM running for 7.75)
2021-10-11 13:22:14.921  INFO 18176 --- [restartedMain] r.s.h.LogSaver.external.ListOfServers    : 	Read 18 servers from the serversList
2021-10-11 13:22:20.489  INFO 18176 --- [http-nio-8080-exec-1] o.a.c.c.C.[Tomcat].[localhost].[/]       : Initializing Spring DispatcherServlet 'dispatcherServlet'
2021-10-11 13:22:20.489  INFO 18176 --- [http-nio-8080-exec-1] o.s.web.servlet.DispatcherServlet        : Initializing Servlet 'dispatcherServlet'
2021-10-11 13:22:20.495  INFO 18176 --- [http-nio-8080-exec-1] o.s.web.servlet.DispatcherServlet        : Completed initialization in 6 ms
2021-10-11 13:22:22.838  INFO 18176 --- [http-nio-8080-exec-1] r.s.h.LogSaver.manageXML.SAXMyParser     : Finished parse file /XMLTemporary/GExport_SoftX3000_Orenburg_10.141.56.68_20211007031803.xml for creating TBL MGTID.
2021-10-11 13:22:22.853 ERROR 18176 --- [http-nio-8080-exec-1] o.a.c.c.C.[.[.[/].[dispatcherServlet]    : Servlet.service() for servlet [dispatcherServlet] in context with path [] threw exception [Request processing failed; nested exception is java.lang.NullPointerException] with root cause

java.lang.NullPointerException: null
	at ru.siberian.huawei.LogSaver.service.LinesOfTableForTDIMU.method(LinesOfTableForTDIMU.java:153) ~[classes/:na]
	at ru.siberian.huawei.LogSaver.service.LinesOfTableForTDIMU.initialization(LinesOfTableForTDIMU.java:138) ~[classes/:na]
	at ru.siberian.huawei.LogSaver.service.LinesOfTableForTDIMU.creatingLineOfTableForTDIMU(LinesOfTableForTDIMU.java:61) ~[classes/:na]
	at ru.siberian.huawei.LogSaver.controllers.tdmTable.TableController.tableFilling(TableController.java:124) ~[classes/:na]
	at ru.siberian.huawei.LogSaver.controllers.tdmTable.TableController.choose(TableController.java:72) ~[classes/:na]
	at sun.reflect.NativeMethodAccessorImpl.invoke0(Native Method) ~[na:1.8.0_40]
	at sun.reflect.NativeMethodAccessorImpl.invoke(NativeMethodAccessorImpl.java:62) ~[na:1.8.0_40]
	at sun.reflect.DelegatingMethodAccessorImpl.invoke(DelegatingMethodAccessorImpl.java:43) ~[na:1.8.0_40]
	at java.lang.reflect.Method.invoke(Method.java:497) ~[na:1.8.0_40]
	at org.springframework.web.method.support.InvocableHandlerMethod.doInvoke(InvocableHandlerMethod.java:190) ~[spring-web-5.1.8.RELEASE.jar:5.1.8.RELEASE]
	at org.springframework.web.method.support.InvocableHandlerMethod.invokeForRequest(InvocableHandlerMethod.java:138) ~[spring-web-5.1.8.RELEASE.jar:5.1.8.RELEASE]
	at org.springframework.web.servlet.mvc.method.annotation.ServletInvocableHandlerMethod.invokeAndHandle(ServletInvocableHandlerMethod.java:104) ~[spring-webmvc-5.1.8.RELEASE.jar:5.1.8.RELEASE]
	at org.springframework.web.servlet.mvc.method.annotation.RequestMappingHandlerAdapter.invokeHandlerMethod(RequestMappingHandlerAdapter.java:892) ~[spring-webmvc-5.1.8.RELEASE.jar:5.1.8.RELEASE]
	at org.springframework.web.servlet.mvc.method.annotation.RequestMappingHandlerAdapter.handleInternal(RequestMappingHandlerAdapter.java:797) ~[spring-webmvc-5.1.8.RELEASE.jar:5.1.8.RELEASE]
	at org.springframework.web.servlet.mvc.method.AbstractHandlerMethodAdapter.handle(AbstractHandlerMethodAdapter.java:87) ~[spring-webmvc-5.1.8.RELEASE.jar:5.1.8.RELEASE]
	at org.springframework.web.servlet.DispatcherServlet.doDispatch(DispatcherServlet.java:1039) ~[spring-webmvc-5.1.8.RELEASE.jar:5.1.8.RELEASE]
	at org.springframework.web.servlet.DispatcherServlet.doService(DispatcherServlet.java:942) ~[spring-webmvc-5.1.8.RELEASE.jar:5.1.8.RELEASE]
	at org.springframework.web.servlet.FrameworkServlet.processRequest(FrameworkServlet.java:1005) ~[spring-webmvc-5.1.8.RELEASE.jar:5.1.8.RELEASE]
	at org.springframework.web.servlet.FrameworkServlet.doPost(FrameworkServlet.java:908) ~[spring-webmvc-5.1.8.RELEASE.jar:5.1.8.RELEASE]
	at javax.servlet.http.HttpServlet.service(HttpServlet.java:660) ~[tomcat-embed-core-9.0.21.jar:9.0.21]
	at org.springframework.web.servlet.FrameworkServlet.service(FrameworkServlet.java:882) ~[spring-webmvc-5.1.8.RELEASE.jar:5.1.8.RELEASE]
	at javax.servlet.http.HttpServlet.service(HttpServlet.java:741) ~[tomcat-embed-core-9.0.21.jar:9.0.21]
	at org.apache.catalina.core.ApplicationFilterChain.internalDoFilter(ApplicationFilterChain.java:231) ~[tomcat-embed-core-9.0.21.jar:9.0.21]
	at org.apache.catalina.core.ApplicationFilterChain.doFilter(ApplicationFilterChain.java:166) ~[tomcat-embed-core-9.0.21.jar:9.0.21]
	at org.apache.tomcat.websocket.server.WsFilter.doFilter(WsFilter.java:53) ~[tomcat-embed-websocket-9.0.21.jar:9.0.21]
	at org.apache.catalina.core.ApplicationFilterChain.internalDoFilter(ApplicationFilterChain.java:193) ~[tomcat-embed-core-9.0.21.jar:9.0.21]
	at org.apache.catalina.core.ApplicationFilterChain.doFilter(ApplicationFilterChain.java:166) ~[tomcat-embed-core-9.0.21.jar:9.0.21]
	at org.springframework.web.filter.RequestContextFilter.doFilterInternal(RequestContextFilter.java:99) ~[spring-web-5.1.8.RELEASE.jar:5.1.8.RELEASE]
	at org.springframework.web.filter.OncePerRequestFilter.doFilter(OncePerRequestFilter.java:109) ~[spring-web-5.1.8.RELEASE.jar:5.1.8.RELEASE]
	at org.apache.catalina.core.ApplicationFilterChain.internalDoFilter(ApplicationFilterChain.java:193) ~[tomcat-embed-core-9.0.21.jar:9.0.21]
	at org.apache.catalina.core.ApplicationFilterChain.doFilter(ApplicationFilterChain.java:166) ~[tomcat-embed-core-9.0.21.jar:9.0.21]
	at org.springframework.web.filter.FormContentFilter.doFilterInternal(FormContentFilter.java:92) ~[spring-web-5.1.8.RELEASE.jar:5.1.8.RELEASE]
	at org.springframework.web.filter.OncePerRequestFilter.doFilter(OncePerRequestFilter.java:109) ~[spring-web-5.1.8.RELEASE.jar:5.1.8.RELEASE]
	at org.apache.catalina.core.ApplicationFilterChain.internalDoFilter(ApplicationFilterChain.java:193) ~[tomcat-embed-core-9.0.21.jar:9.0.21]
	at org.apache.catalina.core.ApplicationFilterChain.doFilter(ApplicationFilterChain.java:166) ~[tomcat-embed-core-9.0.21.jar:9.0.21]
	at org.springframework.web.filter.HiddenHttpMethodFilter.doFilterInternal(HiddenHttpMethodFilter.java:93) ~[spring-web-5.1.8.RELEASE.jar:5.1.8.RELEASE]
	at org.springframework.web.filter.OncePerRequestFilter.doFilter(OncePerRequestFilter.java:109) ~[spring-web-5.1.8.RELEASE.jar:5.1.8.RELEASE]
	at org.apache.catalina.core.ApplicationFilterChain.internalDoFilter(ApplicationFilterChain.java:193) ~[tomcat-embed-core-9.0.21.jar:9.0.21]
	at org.apache.catalina.core.ApplicationFilterChain.doFilter(ApplicationFilterChain.java:166) ~[tomcat-embed-core-9.0.21.jar:9.0.21]
	at org.springframework.web.filter.CharacterEncodingFilter.doFilterInternal(CharacterEncodingFilter.java:200) ~[spring-web-5.1.8.RELEASE.jar:5.1.8.RELEASE]
	at org.springframework.web.filter.OncePerRequestFilter.doFilter(OncePerRequestFilter.java:109) ~[spring-web-5.1.8.RELEASE.jar:5.1.8.RELEASE]
	at org.apache.catalina.core.ApplicationFilterChain.internalDoFilter(ApplicationFilterChain.java:193) ~[tomcat-embed-core-9.0.21.jar:9.0.21]
	at org.apache.catalina.core.ApplicationFilterChain.doFilter(ApplicationFilterChain.java:166) ~[tomcat-embed-core-9.0.21.jar:9.0.21]
	at org.apache.catalina.core.StandardWrapperValve.invoke(StandardWrapperValve.java:202) ~[tomcat-embed-core-9.0.21.jar:9.0.21]
	at org.apache.catalina.core.StandardContextValve.invoke(StandardContextValve.java:96) [tomcat-embed-core-9.0.21.jar:9.0.21]
	at org.apache.catalina.authenticator.AuthenticatorBase.invoke(AuthenticatorBase.java:490) [tomcat-embed-core-9.0.21.jar:9.0.21]
	at org.apache.catalina.core.StandardHostValve.invoke(StandardHostValve.java:139) [tomcat-embed-core-9.0.21.jar:9.0.21]
	at org.apache.catalina.valves.ErrorReportValve.invoke(ErrorReportValve.java:92) [tomcat-embed-core-9.0.21.jar:9.0.21]
	at org.apache.catalina.core.StandardEngineValve.invoke(StandardEngineValve.java:74) [tomcat-embed-core-9.0.21.jar:9.0.21]
	at org.apache.catalina.connector.CoyoteAdapter.service(CoyoteAdapter.java:343) [tomcat-embed-core-9.0.21.jar:9.0.21]
	at org.apache.coyote.http11.Http11Processor.service(Http11Processor.java:408) [tomcat-embed-core-9.0.21.jar:9.0.21]
	at org.apache.coyote.AbstractProcessorLight.process(AbstractProcessorLight.java:66) [tomcat-embed-core-9.0.21.jar:9.0.21]
	at org.apache.coyote.AbstractProtocol$ConnectionHandler.process(AbstractProtocol.java:853) [tomcat-embed-core-9.0.21.jar:9.0.21]
	at org.apache.tomcat.util.net.NioEndpoint$SocketProcessor.doRun(NioEndpoint.java:1587) [tomcat-embed-core-9.0.21.jar:9.0.21]
	at org.apache.tomcat.util.net.SocketProcessorBase.run(SocketProcessorBase.java:49) [tomcat-embed-core-9.0.21.jar:9.0.21]
	at java.util.concurrent.ThreadPoolExecutor.runWorker(ThreadPoolExecutor.java:1142) [na:1.8.0_40]
	at java.util.concurrent.ThreadPoolExecutor$Worker.run(ThreadPoolExecutor.java:617) [na:1.8.0_40]
	at org.apache.tomcat.util.threads.TaskThread$WrappingRunnable.run(TaskThread.java:61) [tomcat-embed-core-9.0.21.jar:9.0.21]
	at java.lang.Thread.run(Thread.java:745) [na:1.8.0_40]

2021-10-11 13:22:59.030  INFO 18176 --- [Thread-9] o.s.s.c.ThreadPoolTaskScheduler          : Shutting down ExecutorService 'taskScheduler'
2021-10-11 13:22:59.031  INFO 18176 --- [Thread-9] o.s.s.concurrent.ThreadPoolTaskExecutor  : Shutting down ExecutorService 'applicationTaskExecutor'
2021-10-11 13:22:59.033  INFO 18176 --- [Thread-9] j.LocalContainerEntityManagerFactoryBean : Closing JPA EntityManagerFactory for persistence unit 'default'
2021-10-11 13:22:59.037  INFO 18176 --- [Thread-9] com.zaxxer.hikari.HikariDataSource       : h2 - Shutdown initiated...
2021-10-11 13:22:59.038  INFO 18176 --- [Thread-9] com.zaxxer.hikari.HikariDataSource       : h2 - Shutdown completed.
2021-10-11 13:23:03.144  INFO 16888 --- [restartedMain] r.s.huawei.LogSaver.LogSaverApplication  : Starting LogSaverApplication on NS-N10301-09 with PID 16888 (started by SMednykh in D:\Programming\Java\work projects\LogSaver)
2021-10-11 13:23:03.147  INFO 16888 --- [restartedMain] r.s.huawei.LogSaver.LogSaverApplication  : No active profile set, falling back to default profiles: default
2021-10-11 13:23:03.187  INFO 16888 --- [restartedMain] .e.DevToolsPropertyDefaultsPostProcessor : Devtools property defaults active! Set 'spring.devtools.add-properties' to 'false' to disable
2021-10-11 13:23:03.187  INFO 16888 --- [restartedMain] .e.DevToolsPropertyDefaultsPostProcessor : For additional web related logging consider setting the 'logging.level.web' property to 'DEBUG'
2021-10-11 13:23:03.831  INFO 16888 --- [restartedMain] .s.d.r.c.RepositoryConfigurationDelegate : Bootstrapping Spring Data repositories in DEFAULT mode.
2021-10-11 13:23:03.929  INFO 16888 --- [restartedMain] .s.d.r.c.RepositoryConfigurationDelegate : Finished Spring Data repository scanning in 89ms. Found 10 repository interfaces.
2021-10-11 13:23:04.274  INFO 16888 --- [restartedMain] trationDelegate$BeanPostProcessorChecker : Bean 'org.springframework.transaction.annotation.ProxyTransactionManagementConfiguration' of type [org.springframework.transaction.annotation.ProxyTransactionManagementConfiguration$$EnhancerBySpringCGLIB$$12610a3c] is not eligible for getting processed by all BeanPostProcessors (for example: not eligible for auto-proxying)
2021-10-11 13:23:04.900  INFO 16888 --- [restartedMain] o.s.b.w.embedded.tomcat.TomcatWebServer  : Tomcat initialized with port(s): 8080 (http)
2021-10-11 13:23:04.926  INFO 16888 --- [restartedMain] o.apache.catalina.core.StandardService   : Starting service [Tomcat]
2021-10-11 13:23:04.926  INFO 16888 --- [restartedMain] org.apache.catalina.core.StandardEngine  : Starting Servlet engine: [Apache Tomcat/9.0.21]
2021-10-11 13:23:05.055  INFO 16888 --- [restartedMain] o.a.c.c.C.[Tomcat].[localhost].[/]       : Initializing Spring embedded WebApplicationContext
2021-10-11 13:23:05.056  INFO 16888 --- [restartedMain] o.s.web.context.ContextLoader            : Root WebApplicationContext: initialization completed in 1868 ms
2021-10-11 13:23:05.217  INFO 16888 --- [restartedMain] com.zaxxer.hikari.HikariDataSource       : h2 - Starting...
2021-10-11 13:23:05.618  INFO 16888 --- [restartedMain] com.zaxxer.hikari.HikariDataSource       : h2 - Start completed.
2021-10-11 13:23:05.671  INFO 16888 --- [restartedMain] o.hibernate.jpa.internal.util.LogHelper  : HHH000204: Processing PersistenceUnitInfo [
	name: default
	...]
2021-10-11 13:23:05.722  INFO 16888 --- [restartedMain] org.hibernate.Version                    : HHH000412: Hibernate Core {5.3.10.Final}
2021-10-11 13:23:05.723  INFO 16888 --- [restartedMain] org.hibernate.cfg.Environment            : HHH000206: hibernate.properties not found
2021-10-11 13:23:05.835  INFO 16888 --- [restartedMain] o.hibernate.annotations.common.Version   : HCANN000001: Hibernate Commons Annotations {5.0.4.Final}
2021-10-11 13:23:05.972  INFO 16888 --- [restartedMain] org.hibernate.dialect.Dialect            : HHH000400: Using dialect: org.hibernate.dialect.H2Dialect
2021-10-11 13:23:06.672  INFO 16888 --- [restartedMain] j.LocalContainerEntityManagerFactoryBean : Initialized JPA EntityManagerFactory for persistence unit 'default'
2021-10-11 13:23:06.685  INFO 16888 --- [restartedMain] o.s.b.d.a.OptionalLiveReloadServer       : LiveReload server is running on port 35729
2021-10-11 13:23:06.969  INFO 16888 --- [restartedMain] r.s.h.LogSaver.external.ListOfServers    : 	Read 18 servers from the serversList
2021-10-11 13:23:07.072  INFO 16888 --- [restartedMain] r.s.h.LogSaver.external.ListOfServers    : 	Read 18 servers from the serversList
2021-10-11 13:23:07.077  INFO 16888 --- [restartedMain] r.s.h.LogSaver.managment.ReaderXXFiles   : 	Finished reading data from the file,\services\inf.ini The numbers of lines read from the file: 6
2021-10-11 13:23:07.077  INFO 16888 --- [restartedMain] r.s.h.LogSaver.managment.InfTemplates    : 			LONGDAYBYSECONDS	86400000
2021-10-11 13:23:07.077  INFO 16888 --- [restartedMain] r.s.h.LogSaver.managment.InfTemplates    : 			hour	1
2021-10-11 13:23:07.077  INFO 16888 --- [restartedMain] r.s.h.LogSaver.managment.InfTemplates    : 			minutes	0
2021-10-11 13:23:07.077  INFO 16888 --- [restartedMain] r.s.h.LogSaver.managment.InfTemplates    : 			PlusDays	1
2021-10-11 13:23:07.081  INFO 16888 --- [restartedMain] r.s.h.LogSaver.managment.ReaderXXFiles   : 	Finished reading data from the file,XMLServerList.txt The numbers of lines read from the file: 25
2021-10-11 13:23:07.081  INFO 16888 --- [restartedMain] r.s.h.L.managment.LoadersDataForXML      : load 25 strings
2021-10-11 13:23:07.082  INFO 16888 --- [restartedMain] r.s.h.L.managment.LoadersDataForXML      : Loaded [25] names commutators from: XMLServerList.txt
2021-10-11 13:23:07.293  INFO 16888 --- [restartedMain] o.h.h.i.QueryTranslatorFactoryInitiator  : HHH000397: Using ASTQueryTranslatorFactory
2021-10-11 13:23:07.435  INFO 16888 --- [restartedMain] o.s.s.concurrent.ThreadPoolTaskExecutor  : Initializing ExecutorService 'applicationTaskExecutor'
2021-10-11 13:23:07.480  WARN 16888 --- [restartedMain] aWebConfiguration$JpaWebMvcConfiguration : spring.jpa.open-in-view is enabled by default. Therefore, database queries may be performed during view rendering. Explicitly configure spring.jpa.open-in-view to disable this warning
2021-10-11 13:23:07.625  INFO 16888 --- [restartedMain] o.s.s.c.ThreadPoolTaskScheduler          : Initializing ExecutorService 'taskScheduler'
2021-10-11 13:23:07.710  INFO 16888 --- [restartedMain] o.s.b.w.embedded.tomcat.TomcatWebServer  : Tomcat started on port(s): 8080 (http) with context path ''
2021-10-11 13:23:07.712  INFO 16888 --- [restartedMain] r.s.huawei.LogSaver.LogSaverApplication  : Started LogSaverApplication in 4.9 seconds (JVM running for 5.329)
2021-10-11 13:23:07.715  INFO 16888 --- [restartedMain] r.s.h.LogSaver.external.ListOfServers    : 	Read 18 servers from the serversList
2021-10-11 13:23:19.475  INFO 16888 --- [http-nio-8080-exec-1] o.a.c.c.C.[Tomcat].[localhost].[/]       : Initializing Spring DispatcherServlet 'dispatcherServlet'
2021-10-11 13:23:19.476  INFO 16888 --- [http-nio-8080-exec-1] o.s.web.servlet.DispatcherServlet        : Initializing Servlet 'dispatcherServlet'
2021-10-11 13:23:19.483  INFO 16888 --- [http-nio-8080-exec-1] o.s.web.servlet.DispatcherServlet        : Completed initialization in 7 ms
2021-10-11 13:23:27.941  INFO 16888 --- [http-nio-8080-exec-3] r.s.h.LogSaver.manageXML.SAXMyParser     : Finished parse file /XMLTemporary/GExport_SoftX3000_Orenburg_10.141.56.68_20211007031803.xml for creating TBL MGTID.
2021-10-11 13:24:42.733  INFO 16888 --- [http-nio-8080-exec-5] r.s.h.LogSaver.manageXML.SAXMyParser     : Finished parse file /XMLTemporary/GExport_MOS_SX3000-1_8MARTA_10.132.20.135_20211007040809.xml for creating TBL MGTID.
2021-10-11 13:31:42.244  INFO 16888 --- [http-nio-8080-exec-8] o.apache.coyote.http11.Http11Processor   : Error parsing HTTP request header
 Note: further occurrences of HTTP request parsing errors will be logged at DEBUG level.

java.lang.IllegalArgumentException: Invalid character found in method name. HTTP method names must be tokens
	at org.apache.coyote.http11.Http11InputBuffer.parseRequestLine(Http11InputBuffer.java:415) ~[tomcat-embed-core-9.0.21.jar:9.0.21]
	at org.apache.coyote.http11.Http11Processor.service(Http11Processor.java:294) ~[tomcat-embed-core-9.0.21.jar:9.0.21]
	at org.apache.coyote.AbstractProcessorLight.process(AbstractProcessorLight.java:66) [tomcat-embed-core-9.0.21.jar:9.0.21]
	at org.apache.coyote.AbstractProtocol$ConnectionHandler.process(AbstractProtocol.java:853) [tomcat-embed-core-9.0.21.jar:9.0.21]
	at org.apache.tomcat.util.net.NioEndpoint$SocketProcessor.doRun(NioEndpoint.java:1587) [tomcat-embed-core-9.0.21.jar:9.0.21]
	at org.apache.tomcat.util.net.SocketProcessorBase.run(SocketProcessorBase.java:49) [tomcat-embed-core-9.0.21.jar:9.0.21]
	at java.util.concurrent.ThreadPoolExecutor.runWorker(ThreadPoolExecutor.java:1142) [na:1.8.0_40]
	at java.util.concurrent.ThreadPoolExecutor$Worker.run(ThreadPoolExecutor.java:617) [na:1.8.0_40]
	at org.apache.tomcat.util.threads.TaskThread$WrappingRunnable.run(TaskThread.java:61) [tomcat-embed-core-9.0.21.jar:9.0.21]
	at java.lang.Thread.run(Thread.java:745) [na:1.8.0_40]

2021-10-11 13:49:17.097  INFO 16888 --- [Thread-9] o.s.s.c.ThreadPoolTaskScheduler          : Shutting down ExecutorService 'taskScheduler'
2021-10-11 13:49:17.098  INFO 16888 --- [Thread-9] o.s.s.concurrent.ThreadPoolTaskExecutor  : Shutting down ExecutorService 'applicationTaskExecutor'
2021-10-11 13:49:17.100  INFO 16888 --- [Thread-9] j.LocalContainerEntityManagerFactoryBean : Closing JPA EntityManagerFactory for persistence unit 'default'
2021-10-11 13:49:17.104  INFO 16888 --- [Thread-9] com.zaxxer.hikari.HikariDataSource       : h2 - Shutdown initiated...
2021-10-11 13:49:17.106  INFO 16888 --- [Thread-9] com.zaxxer.hikari.HikariDataSource       : h2 - Shutdown completed.
2021-10-11 13:51:10.436  INFO 20660 --- [restartedMain] r.s.huawei.LogSaver.LogSaverApplication  : Starting LogSaverApplication on NS-N10301-09 with PID 20660 (started by SMednykh in D:\Programming\Java\work projects\LogSaver)
2021-10-11 13:51:10.438  INFO 20660 --- [restartedMain] r.s.huawei.LogSaver.LogSaverApplication  : No active profile set, falling back to default profiles: default
2021-10-11 13:51:10.482  INFO 20660 --- [restartedMain] .e.DevToolsPropertyDefaultsPostProcessor : Devtools property defaults active! Set 'spring.devtools.add-properties' to 'false' to disable
2021-10-11 13:51:10.482  INFO 20660 --- [restartedMain] .e.DevToolsPropertyDefaultsPostProcessor : For additional web related logging consider setting the 'logging.level.web' property to 'DEBUG'
2021-10-11 13:51:11.150  INFO 20660 --- [restartedMain] .s.d.r.c.RepositoryConfigurationDelegate : Bootstrapping Spring Data repositories in DEFAULT mode.
2021-10-11 13:51:11.247  INFO 20660 --- [restartedMain] .s.d.r.c.RepositoryConfigurationDelegate : Finished Spring Data repository scanning in 90ms. Found 10 repository interfaces.
2021-10-11 13:51:11.635  INFO 20660 --- [restartedMain] trationDelegate$BeanPostProcessorChecker : Bean 'org.springframework.transaction.annotation.ProxyTransactionManagementConfiguration' of type [org.springframework.transaction.annotation.ProxyTransactionManagementConfiguration$$EnhancerBySpringCGLIB$$970b87de] is not eligible for getting processed by all BeanPostProcessors (for example: not eligible for auto-proxying)
2021-10-11 13:51:12.326  INFO 20660 --- [restartedMain] o.s.b.w.embedded.tomcat.TomcatWebServer  : Tomcat initialized with port(s): 8080 (http)
2021-10-11 13:51:12.352  INFO 20660 --- [restartedMain] o.apache.catalina.core.StandardService   : Starting service [Tomcat]
2021-10-11 13:51:12.352  INFO 20660 --- [restartedMain] org.apache.catalina.core.StandardEngine  : Starting Servlet engine: [Apache Tomcat/9.0.21]
2021-10-11 13:51:12.491  INFO 20660 --- [restartedMain] o.a.c.c.C.[Tomcat].[localhost].[/]       : Initializing Spring embedded WebApplicationContext
2021-10-11 13:51:12.492  INFO 20660 --- [restartedMain] o.s.web.context.ContextLoader            : Root WebApplicationContext: initialization completed in 2010 ms
2021-10-11 13:51:12.657  INFO 20660 --- [restartedMain] com.zaxxer.hikari.HikariDataSource       : h2 - Starting...
2021-10-11 13:51:14.933  INFO 20660 --- [restartedMain] com.zaxxer.hikari.HikariDataSource       : h2 - Start completed.
2021-10-11 13:51:14.990  INFO 20660 --- [restartedMain] o.hibernate.jpa.internal.util.LogHelper  : HHH000204: Processing PersistenceUnitInfo [
	name: default
	...]
2021-10-11 13:51:15.066  INFO 20660 --- [restartedMain] org.hibernate.Version                    : HHH000412: Hibernate Core {5.3.10.Final}
2021-10-11 13:51:15.067  INFO 20660 --- [restartedMain] org.hibernate.cfg.Environment            : HHH000206: hibernate.properties not found
2021-10-11 13:51:15.242  INFO 20660 --- [restartedMain] o.hibernate.annotations.common.Version   : HCANN000001: Hibernate Commons Annotations {5.0.4.Final}
2021-10-11 13:51:15.424  INFO 20660 --- [restartedMain] org.hibernate.dialect.Dialect            : HHH000400: Using dialect: org.hibernate.dialect.H2Dialect
2021-10-11 13:51:16.180  INFO 20660 --- [restartedMain] j.LocalContainerEntityManagerFactoryBean : Initialized JPA EntityManagerFactory for persistence unit 'default'
2021-10-11 13:51:16.193  INFO 20660 --- [restartedMain] o.s.b.d.a.OptionalLiveReloadServer       : LiveReload server is running on port 35729
2021-10-11 13:51:16.472  INFO 20660 --- [restartedMain] r.s.h.LogSaver.external.ListOfServers    : 	Read 18 servers from the serversList
2021-10-11 13:51:16.500  INFO 20660 --- [restartedMain] r.s.h.LogSaver.external.ListOfServers    : 	Read 18 servers from the serversList
2021-10-11 13:51:16.505  INFO 20660 --- [restartedMain] r.s.h.LogSaver.managment.ReaderXXFiles   : 	Finished reading data from the file,\services\inf.ini The numbers of lines read from the file: 6
2021-10-11 13:51:16.506  INFO 20660 --- [restartedMain] r.s.h.LogSaver.managment.InfTemplates    : 			LONGDAYBYSECONDS	86400000
2021-10-11 13:51:16.506  INFO 20660 --- [restartedMain] r.s.h.LogSaver.managment.InfTemplates    : 			hour	1
2021-10-11 13:51:16.506  INFO 20660 --- [restartedMain] r.s.h.LogSaver.managment.InfTemplates    : 			minutes	0
2021-10-11 13:51:16.507  INFO 20660 --- [restartedMain] r.s.h.LogSaver.managment.InfTemplates    : 			PlusDays	1
2021-10-11 13:51:16.511  INFO 20660 --- [restartedMain] r.s.h.LogSaver.managment.ReaderXXFiles   : 	Finished reading data from the file,XMLServerList.txt The numbers of lines read from the file: 25
2021-10-11 13:51:16.511  INFO 20660 --- [restartedMain] r.s.h.L.managment.LoadersDataForXML      : load 25 strings
2021-10-11 13:51:16.512  INFO 20660 --- [restartedMain] r.s.h.L.managment.LoadersDataForXML      : Loaded [25] names commutators from: XMLServerList.txt
2021-10-11 13:51:16.786  INFO 20660 --- [restartedMain] o.h.h.i.QueryTranslatorFactoryInitiator  : HHH000397: Using ASTQueryTranslatorFactory
2021-10-11 13:51:16.927  INFO 20660 --- [restartedMain] o.s.s.concurrent.ThreadPoolTaskExecutor  : Initializing ExecutorService 'applicationTaskExecutor'
2021-10-11 13:51:16.971  WARN 20660 --- [restartedMain] aWebConfiguration$JpaWebMvcConfiguration : spring.jpa.open-in-view is enabled by default. Therefore, database queries may be performed during view rendering. Explicitly configure spring.jpa.open-in-view to disable this warning
2021-10-11 13:51:17.118  INFO 20660 --- [restartedMain] o.s.s.c.ThreadPoolTaskScheduler          : Initializing ExecutorService 'taskScheduler'
2021-10-11 13:51:17.212  INFO 20660 --- [restartedMain] o.s.b.w.embedded.tomcat.TomcatWebServer  : Tomcat started on port(s): 8080 (http) with context path ''
2021-10-11 13:51:17.214  INFO 20660 --- [restartedMain] r.s.huawei.LogSaver.LogSaverApplication  : Started LogSaverApplication in 7.127 seconds (JVM running for 7.595)
2021-10-11 13:51:17.217  INFO 20660 --- [restartedMain] r.s.h.LogSaver.external.ListOfServers    : 	Read 18 servers from the serversList
2021-10-11 13:51:41.941  INFO 20660 --- [http-nio-8080-exec-1] o.a.c.c.C.[Tomcat].[localhost].[/]       : Initializing Spring DispatcherServlet 'dispatcherServlet'
2021-10-11 13:51:41.941  INFO 20660 --- [http-nio-8080-exec-1] o.s.web.servlet.DispatcherServlet        : Initializing Servlet 'dispatcherServlet'
2021-10-11 13:51:41.948  INFO 20660 --- [http-nio-8080-exec-1] o.s.web.servlet.DispatcherServlet        : Completed initialization in 7 ms
2021-10-11 13:51:52.431  INFO 20660 --- [Thread-9] o.s.s.c.ThreadPoolTaskScheduler          : Shutting down ExecutorService 'taskScheduler'
2021-10-11 13:51:52.433  INFO 20660 --- [Thread-9] o.s.s.concurrent.ThreadPoolTaskExecutor  : Shutting down ExecutorService 'applicationTaskExecutor'
2021-10-11 13:51:52.434  INFO 20660 --- [Thread-9] j.LocalContainerEntityManagerFactoryBean : Closing JPA EntityManagerFactory for persistence unit 'default'
2021-10-11 13:51:52.438  INFO 20660 --- [Thread-9] com.zaxxer.hikari.HikariDataSource       : h2 - Shutdown initiated...
2021-10-11 13:51:52.440  INFO 20660 --- [Thread-9] com.zaxxer.hikari.HikariDataSource       : h2 - Shutdown completed.
